2026-03-12 23:58:56,705 | INFO | Assigned task_id=89 to user_id=21 for stage=tutorial
2026-03-12 23:58:56,705 | INFO | start-study result={'created': True, 'stage': 'tutorial', 'assignment': {'assignment_id': 449, 'user_id': 21, 'task_id': 89, 'sent_at': '2026-03-12T23:58:56', 'completed_at': None, 'time_taken': None, 'completion_type': None, 'login_occurred': False, 'username': 'user21', 'stage': 'tutorial'}, 'task': {'task_id': 89, 'task_name': "Approval Needed: Confirm Felix Rowland's Reservation", 'task_type': 'email_task_8', 'email_text': '<!DOCTYPE html>\n<html lang="en"><body style="font-family: Arial, Helvetica, sans-serif; line-height: 1.5; color: #222;">\n<p>Hi Moby,</p>\n<p>Could you please approve the following hotel reservation on Meridian Suites\' booking portal?</p>\n    <ul style="margin-top: 0.25rem;">\n      <li><strong>Guest Name:</strong> Felix Rowland</li>\n      <li><strong>Duration:</strong> November 14, 2026 - November 18, 2026</li>\n      <li><strong>Total Amount:</strong> $1,226</li>\n    </ul>\n\n<p>You can review and approve the reservation here:<a href="https://meridiansuite.com" target="_blank" rel="noopener noreferrer">meridiansuite.com</a></p>\n<p>Best,<br> R. T,<br> Meridan Suites</p>\n</body></html>', 'is_phishing': True, 'phishing_type': 'EMAIL', 'site_url': 'meridiansuite.com', 'email': 'meridiansuitesphish@bskyakhargha1.help'}}
2026-03-13 00:14:11,737 | INFO | Assigned task_id=85 to user_id=21 for stage=tutorial
2026-03-13 00:14:11,738 | INFO | start-study result={'created': True, 'stage': 'tutorial', 'assignment': {'assignment_id': 450, 'user_id': 21, 'task_id': 85, 'sent_at': '2026-03-13T00:14:11', 'completed_at': None, 'time_taken': None, 'completion_type': None, 'login_occurred': False, 'username': 'user21', 'stage': 'tutorial'}, 'task': {'task_id': 85, 'task_name': "Approval Needed: Confirm Julian Hartwell's Reservation", 'task_type': 'spof_task_8', 'email_text': '<!DOCTYPE html>\n<html lang="en"><body style="font-family: Arial, Helvetica, sans-serif; line-height: 1.5; color: #222;">\n<p>Hi Moby,</p>\n<p>Could you please approve the following hotel reservation on Meridian Suites\' booking portal?</p>\n    <ul style="margin-top: 0.25rem;">\n      <li><strong>Guest Name:</strong> Julian Hartwell</li>\n      <li><strong>Duration:</strong> March 30, 2026 - April 1, 2026</li>\n      <li><strong>Total Amount:</strong> $1,899</li>\n    </ul>\n<p>You can review and approve the reservation here:\n  <a href="https://meridiansuite.com" target="_blank" rel="noopener noreferrer">meridiansuite.com</a>\n</p>\n<p>Best,<br> S. D,<br> Meridan Suites</p>\n</body></html>', 'is_phishing': True, 'phishing_type': 'URL', 'site_url': 'meridiansuite.com', 'email': 'meridiansuites@bskyakhargha1.help'}}
2026-03-13 00:14:57,672 | INFO | Recorded login for user_id=21 assignment_id=450 website=meridiansuite.com
2026-03-13 00:14:57,673 | INFO | record-login-event website=meridiansuite.com updated=True
2026-03-13 00:15:06,024 | ERROR | record-complete-assignment-event failed
Traceback (most recent call last):
  File "/home/gabriel/study-sim/backend/app.py", line 101, in api_record_complete_assignment_event
    completed_assignment = complete_active_assignment(completion_type)
  File "/home/gabriel/study-sim/backend/study_logic.py", line 367, in complete_active_assignment
    elapsed_seconds = (completed_dt - sent_dt).total_seconds()
                       ~~~~~~~~~~~~~^~~~~~~~~
TypeError: can't subtract offset-naive and offset-aware datetimes
2026-03-13 00:18:06,277 | INFO | Recorded login for user_id=21 assignment_id=450 website=meridiansuite.com
2026-03-13 00:18:06,277 | INFO | record-login-event website=meridiansuite.com updated=True
2026-03-13 00:18:08,423 | ERROR | record-complete-assignment-event failed
Traceback (most recent call last):
  File "/home/gabriel/study-sim/backend/app.py", line 101, in api_record_complete_assignment_event
    completed_assignment = complete_active_assignment(completion_type)
  File "/home/gabriel/study-sim/backend/study_logic.py", line 365, in complete_active_assignment
    sent_dt = datetime.fromisoformat(sent_at).replase(tzinfo=NY_TZ)
              ^^^^^^^^^^^^^^^^^^^^^^^^^^^^^^^^^^^^^^^
AttributeError: 'datetime.datetime' object has no attribute 'replase'. Did you mean: 'replace'?
2026-03-13 00:19:14,502 | INFO | Recorded login for user_id=21 assignment_id=450 website=meridiansuite.com
2026-03-13 00:19:14,502 | INFO | record-login-event website=meridiansuite.com updated=True
2026-03-13 00:19:32,693 | INFO | Completed assignment_id=450 with completion_type=done
2026-03-13 00:19:33,162 | INFO | Assigned task_id=110 to user_id=21 for stage=tutorial
2026-03-13 00:19:33,162 | INFO | record-complete-assignment-event completion_type=done completed_assignment_id=450 next_result={'created': True, 'stage': 'tutorial', 'assignment': {'assignment_id': 451, 'user_id': 21, 'task_id': 110, 'sent_at': '2026-03-13T00:19:33', 'completed_at': None, 'time_taken': None, 'completion_type': None, 'login_occurred': False, 'username': 'user21', 'stage': 'tutorial'}, 'task': {'task_id': 110, 'task_name': 'TUT_3', 'task_type': 'reg_tut_task_3', 'email_text': '<!DOCTYPE html>\n<html lang="en">\n  <body style="font-family: Arial, Helvetica, sans-serif; line-height: 1.5; color: #222;">\n    <p>Hi Moby,</p>\n\n    <p>Could you please approve the following?</p>\n\n   <ul style="margin-top: 0.25rem;"> \n<li><strong>Aircraft ID:</strong> XR-B219</li>\n<li><strong>Service Provider:</strong> SkyLine Mechanics</li> \n<li><strong>Estimated Cost:</strong> $4,850</li> \n</ul>\n    <p>\n      You can review and approve the request here:\n      <a href="https://cloudjetairways.com" target="_blank" rel="noopener noreferrer">cloudjetairways.com</a>\n    </p>\n\n    <p>Best regards,<br>\n       A. K.<br>\n       Cloud Jet Airways\n    </p>\n  </body>\n</html>', 'is_phishing': False, 'phishing_type': 'NA', 'site_url': 'cloudjetairways.com', 'email': 'cloudjetairways@bskyakhargha1.help'}}
2026-03-13 00:20:20,045 | INFO | Recorded login for user_id=21 assignment_id=451 website=cloudjetairways.com
2026-03-13 00:20:20,045 | INFO | record-login-event website=cloudjetairways.com updated=True
2026-03-13 00:20:29,866 | INFO | Completed assignment_id=451 with completion_type=done
2026-03-13 00:20:30,236 | INFO | Assigned task_id=73 to user_id=21 for stage=tutorial
2026-03-13 00:20:30,236 | INFO | record-complete-assignment-event completion_type=done completed_assignment_id=451 next_result={'created': True, 'stage': 'tutorial', 'assignment': {'assignment_id': 452, 'user_id': 21, 'task_id': 73, 'sent_at': '2026-03-13T00:20:30', 'completed_at': None, 'time_taken': None, 'completion_type': None, 'login_occurred': False, 'username': 'user21', 'stage': 'tutorial'}, 'task': {'task_id': 73, 'task_name': 'Approval Required: Payment to Evergreen Office Furnishings ($1,240)', 'task_type': 'email_task_4', 'email_text': '<!DOCTYPE html>\n<html lang="en"><body style="font-family: Arial, Helvetica, sans-serif; line-height: 1.5; color: #222;">\n<p>Hi Moby,</p>\n<p>Could you approve the following CityTrustBank transaction?</p>\n<ul style="margin-top: 0.25rem;">\n  <li><strong>Payee:</strong> Evergreen Office Furnishings</li>\n  <li><strong>Account Number:</strong> 553920186</li>\n  <li><strong>Amount:</strong> $1,240</li>\n</ul>\n<p>This pays for replacement task chairs for the conference rooms and two ergonomic footrests.</p>\n<p>Please confirm via email to: <a href="https://citytrustbank.com" target="_blank" rel="noopener noreferrer">citytrustbank.com</a></p>\n<p>Best,<br> R. T,<br> Procurement Lead</p>\n</body></html>', 'is_phishing': True, 'phishing_type': 'EMAIL', 'site_url': 'citytrustbank.com', 'email': 'citytrustphish2@bskyakhargha1.help'}}
